<?xml version="1.0" encoding="UTF-8"?>
<testsuite xmlns:xsi="http://www.w3.org/2001/XMLSchema-instance" xsi:noNamespaceSchemaLocation="https://maven.apache.org/surefire/maven-surefire-plugin/xsd/surefire-test-report.xsd" name="TestSuite" time="11.552" tests="1" errors="0" skipped="0" failures="0">
  <properties>
    <property name="sun.desktop" value="gnome"/>
    <property name="awt.toolkit" value="sun.awt.X11.XToolkit"/>
    <property name="file.encoding.pkg" value="sun.io"/>
    <property name="java.specification.version" value="1.8"/>
    <property name="sun.cpu.isalist" value=""/>
    <property name="sun.jnu.encoding" value="UTF-8"/>
    <property name="java.class.path" value="/home/ganesh/eclipse-workspace/PositiveAlly/target/test-classes:/home/ganesh/eclipse-workspace/PositiveAlly/target/classes:/home/ganesh/.m2/repository/junit/junit/3.8.1/junit-3.8.1.jar:/home/ganesh/.m2/repository/org/seleniumhq/selenium/selenium-java/3.4.0/selenium-java-3.4.0.jar:/home/ganesh/.m2/repository/org/seleniumhq/selenium/selenium-api/3.4.0/selenium-api-3.4.0.jar:/home/ganesh/.m2/repository/org/seleniumhq/selenium/selenium-chrome-driver/3.4.0/selenium-chrome-driver-3.4.0.jar:/home/ganesh/.m2/repository/org/seleniumhq/selenium/selenium-edge-driver/3.4.0/selenium-edge-driver-3.4.0.jar:/home/ganesh/.m2/repository/org/seleniumhq/selenium/selenium-firefox-driver/3.4.0/selenium-firefox-driver-3.4.0.jar:/home/ganesh/.m2/repository/org/seleniumhq/selenium/selenium-ie-driver/3.4.0/selenium-ie-driver-3.4.0.jar:/home/ganesh/.m2/repository/org/seleniumhq/selenium/selenium-opera-driver/3.4.0/selenium-opera-driver-3.4.0.jar:/home/ganesh/.m2/repository/org/seleniumhq/selenium/selenium-remote-driver/3.4.0/selenium-remote-driver-3.4.0.jar:/home/ganesh/.m2/repository/org/seleniumhq/selenium/selenium-safari-driver/3.4.0/selenium-safari-driver-3.4.0.jar:/home/ganesh/.m2/repository/org/seleniumhq/selenium/selenium-support/3.4.0/selenium-support-3.4.0.jar:/home/ganesh/.m2/repository/cglib/cglib-nodep/3.2.4/cglib-nodep-3.2.4.jar:/home/ganesh/.m2/repository/org/apache/commons/commons-exec/1.3/commons-exec-1.3.jar:/home/ganesh/.m2/repository/commons-codec/commons-codec/1.10/commons-codec-1.10.jar:/home/ganesh/.m2/repository/commons-logging/commons-logging/1.2/commons-logging-1.2.jar:/home/ganesh/.m2/repository/org/w3c/css/sac/1.3/sac-1.3.jar:/home/ganesh/.m2/repository/net/sourceforge/cssparser/cssparser/0.9.22/cssparser-0.9.22.jar:/home/ganesh/.m2/repository/com/google/code/gson/gson/2.8.0/gson-2.8.0.jar:/home/ganesh/.m2/repository/com/google/guava/guava/21.0/guava-21.0.jar:/home/ganesh/.m2/repository/org/hamcrest/hamcrest-core/1.3/hamcrest-core-1.3.jar:/home/ganesh/.m2/repository/net/sourceforge/htmlunit/htmlunit/2.26/htmlunit-2.26.jar:/home/ganesh/.m2/repository/net/sourceforge/htmlunit/htmlunit-core-js/2.26/htmlunit-core-js-2.26.jar:/home/ganesh/.m2/repository/net/sourceforge/htmlunit/neko-htmlunit/2.25/neko-htmlunit-2.25.jar:/home/ganesh/.m2/repository/org/apache/httpcomponents/httpclient/4.5.3/httpclient-4.5.3.jar:/home/ganesh/.m2/repository/org/apache/httpcomponents/httpcore/4.4.6/httpcore-4.4.6.jar:/home/ganesh/.m2/repository/org/apache/httpcomponents/httpmime/4.5.3/httpmime-4.5.3.jar:/home/ganesh/.m2/repository/org/eclipse/jetty/jetty-io/9.4.1.v20170120/jetty-io-9.4.1.v20170120.jar:/home/ganesh/.m2/repository/org/eclipse/jetty/jetty-util/9.4.1.v20170120/jetty-util-9.4.1.v20170120.jar:/home/ganesh/.m2/repository/net/java/dev/jna/jna/4.1.0/jna-4.1.0.jar:/home/ganesh/.m2/repository/net/java/dev/jna/jna-platform/4.1.0/jna-platform-4.1.0.jar:/home/ganesh/.m2/repository/com/codeborne/phantomjsdriver/1.4.0/phantomjsdriver-1.4.0.jar:/home/ganesh/.m2/repository/org/seleniumhq/selenium/htmlunit-driver/2.26/htmlunit-driver-2.26.jar:/home/ganesh/.m2/repository/javax/servlet/javax.servlet-api/3.1.0/javax.servlet-api-3.1.0.jar:/home/ganesh/.m2/repository/org/eclipse/jetty/websocket/websocket-api/9.4.3.v20170317/websocket-api-9.4.3.v20170317.jar:/home/ganesh/.m2/repository/org/eclipse/jetty/websocket/websocket-client/9.4.3.v20170317/websocket-client-9.4.3.v20170317.jar:/home/ganesh/.m2/repository/org/eclipse/jetty/jetty-client/9.4.3.v20170317/jetty-client-9.4.3.v20170317.jar:/home/ganesh/.m2/repository/org/eclipse/jetty/jetty-http/9.4.3.v20170317/jetty-http-9.4.3.v20170317.jar:/home/ganesh/.m2/repository/org/eclipse/jetty/websocket/websocket-common/9.4.3.v20170317/websocket-common-9.4.3.v20170317.jar:/home/ganesh/.m2/repository/xalan/serializer/2.7.2/serializer-2.7.2.jar:/home/ganesh/.m2/repository/xalan/xalan/2.7.2/xalan-2.7.2.jar:/home/ganesh/.m2/repository/xerces/xercesImpl/2.11.0/xercesImpl-2.11.0.jar:/home/ganesh/.m2/repository/xml-apis/xml-apis/1.4.01/xml-apis-1.4.01.jar:/home/ganesh/.m2/repository/org/testng/testng/6.14.3/testng-6.14.3.jar:/home/ganesh/.m2/repository/com/beust/jcommander/1.72/jcommander-1.72.jar:/home/ganesh/.m2/repository/org/apache-extras/beanshell/bsh/2.0b6/bsh-2.0b6.jar:/home/ganesh/.m2/repository/org/apache/poi/poi/3.17/poi-3.17.jar:/home/ganesh/.m2/repository/org/apache/commons/commons-collections4/4.1/commons-collections4-4.1.jar:/home/ganesh/.m2/repository/org/apache/poi/poi-ooxml/3.17/poi-ooxml-3.17.jar:/home/ganesh/.m2/repository/org/apache/poi/poi-ooxml-schemas/3.17/poi-ooxml-schemas-3.17.jar:/home/ganesh/.m2/repository/org/apache/xmlbeans/xmlbeans/2.6.0/xmlbeans-2.6.0.jar:/home/ganesh/.m2/repository/stax/stax-api/1.0.1/stax-api-1.0.1.jar:/home/ganesh/.m2/repository/com/github/virtuald/curvesapi/1.04/curvesapi-1.04.jar:/home/ganesh/.m2/repository/com/aventstack/extentreports/3.1.2/extentreports-3.1.2.jar:/home/ganesh/.m2/repository/org/freemarker/freemarker/2.3.23/freemarker-2.3.23.jar:/home/ganesh/.m2/repository/org/mongodb/mongodb-driver/3.3.0/mongodb-driver-3.3.0.jar:/home/ganesh/.m2/repository/org/mongodb/bson/3.3.0/bson-3.3.0.jar:/home/ganesh/.m2/repository/org/mongodb/mongodb-driver-core/3.3.0/mongodb-driver-core-3.3.0.jar:/home/ganesh/.m2/repository/org/jsoup/jsoup/1.9.2/jsoup-1.9.2.jar:/home/ganesh/.m2/repository/org/apache/commons/commons-lang3/3.0/commons-lang3-3.0.jar:/home/ganesh/.m2/repository/commons-io/commons-io/1.3.2/commons-io-1.3.2.jar:/home/ganesh/.m2/repository/log4j/log4j/1.2.17/log4j-1.2.17.jar:/home/ganesh/.m2/repository/org/apache/maven/maven-plugin-api/3.6.1/maven-plugin-api-3.6.1.jar:/home/ganesh/.m2/repository/org/apache/maven/maven-model/3.6.1/maven-model-3.6.1.jar:/home/ganesh/.m2/repository/org/apache/maven/maven-artifact/3.6.1/maven-artifact-3.6.1.jar:/home/ganesh/.m2/repository/org/eclipse/sisu/org.eclipse.sisu.plexus/0.3.3/org.eclipse.sisu.plexus-0.3.3.jar:/home/ganesh/.m2/repository/javax/enterprise/cdi-api/1.0/cdi-api-1.0.jar:/home/ganesh/.m2/repository/javax/annotation/jsr250-api/1.0/jsr250-api-1.0.jar:/home/ganesh/.m2/repository/javax/inject/javax.inject/1/javax.inject-1.jar:/home/ganesh/.m2/repository/org/eclipse/sisu/org.eclipse.sisu.inject/0.3.3/org.eclipse.sisu.inject-0.3.3.jar:/home/ganesh/.m2/repository/org/codehaus/plexus/plexus-component-annotations/1.5.5/plexus-component-annotations-1.5.5.jar:/home/ganesh/.m2/repository/org/codehaus/plexus/plexus-utils/3.2.0/plexus-utils-3.2.0.jar:/home/ganesh/.m2/repository/org/codehaus/plexus/plexus-classworlds/2.6.0/plexus-classworlds-2.6.0.jar:"/>
    <property name="java.vm.vendor" value="Oracle Corporation"/>
    <property name="sun.arch.data.model" value="64"/>
    <property name="java.vendor.url" value="http://java.oracle.com/"/>
    <property name="user.timezone" value=""/>
    <property name="java.vm.specification.version" value="1.8"/>
    <property name="os.name" value="Linux"/>
    <property name="user.country" value="IN"/>
    <property name="sun.java.launcher" value="SUN_STANDARD"/>
    <property name="sun.boot.library.path" value="/usr/lib/jvm/java-8-oracle/jre/lib/amd64"/>
    <property name="sun.java.command" value="/home/ganesh/eclipse-workspace/PositiveAlly/target/surefire/surefirebooter6227701517789133942.jar /home/ganesh/eclipse-workspace/PositiveAlly/target/surefire 2020-02-06T11-19-57_555-jvmRun1 surefire4705115418526279758tmp surefire_05830058006644980203tmp"/>
    <property name="surefire.test.class.path" value="/home/ganesh/eclipse-workspace/PositiveAlly/target/test-classes:/home/ganesh/eclipse-workspace/PositiveAlly/target/classes:/home/ganesh/.m2/repository/junit/junit/3.8.1/junit-3.8.1.jar:/home/ganesh/.m2/repository/org/seleniumhq/selenium/selenium-java/3.4.0/selenium-java-3.4.0.jar:/home/ganesh/.m2/repository/org/seleniumhq/selenium/selenium-api/3.4.0/selenium-api-3.4.0.jar:/home/ganesh/.m2/repository/org/seleniumhq/selenium/selenium-chrome-driver/3.4.0/selenium-chrome-driver-3.4.0.jar:/home/ganesh/.m2/repository/org/seleniumhq/selenium/selenium-edge-driver/3.4.0/selenium-edge-driver-3.4.0.jar:/home/ganesh/.m2/repository/org/seleniumhq/selenium/selenium-firefox-driver/3.4.0/selenium-firefox-driver-3.4.0.jar:/home/ganesh/.m2/repository/org/seleniumhq/selenium/selenium-ie-driver/3.4.0/selenium-ie-driver-3.4.0.jar:/home/ganesh/.m2/repository/org/seleniumhq/selenium/selenium-opera-driver/3.4.0/selenium-opera-driver-3.4.0.jar:/home/ganesh/.m2/repository/org/seleniumhq/selenium/selenium-remote-driver/3.4.0/selenium-remote-driver-3.4.0.jar:/home/ganesh/.m2/repository/org/seleniumhq/selenium/selenium-safari-driver/3.4.0/selenium-safari-driver-3.4.0.jar:/home/ganesh/.m2/repository/org/seleniumhq/selenium/selenium-support/3.4.0/selenium-support-3.4.0.jar:/home/ganesh/.m2/repository/cglib/cglib-nodep/3.2.4/cglib-nodep-3.2.4.jar:/home/ganesh/.m2/repository/org/apache/commons/commons-exec/1.3/commons-exec-1.3.jar:/home/ganesh/.m2/repository/commons-codec/commons-codec/1.10/commons-codec-1.10.jar:/home/ganesh/.m2/repository/commons-logging/commons-logging/1.2/commons-logging-1.2.jar:/home/ganesh/.m2/repository/org/w3c/css/sac/1.3/sac-1.3.jar:/home/ganesh/.m2/repository/net/sourceforge/cssparser/cssparser/0.9.22/cssparser-0.9.22.jar:/home/ganesh/.m2/repository/com/google/code/gson/gson/2.8.0/gson-2.8.0.jar:/home/ganesh/.m2/repository/com/google/guava/guava/21.0/guava-21.0.jar:/home/ganesh/.m2/repository/org/hamcrest/hamcrest-core/1.3/hamcrest-core-1.3.jar:/home/ganesh/.m2/repository/net/sourceforge/htmlunit/htmlunit/2.26/htmlunit-2.26.jar:/home/ganesh/.m2/repository/net/sourceforge/htmlunit/htmlunit-core-js/2.26/htmlunit-core-js-2.26.jar:/home/ganesh/.m2/repository/net/sourceforge/htmlunit/neko-htmlunit/2.25/neko-htmlunit-2.25.jar:/home/ganesh/.m2/repository/org/apache/httpcomponents/httpclient/4.5.3/httpclient-4.5.3.jar:/home/ganesh/.m2/repository/org/apache/httpcomponents/httpcore/4.4.6/httpcore-4.4.6.jar:/home/ganesh/.m2/repository/org/apache/httpcomponents/httpmime/4.5.3/httpmime-4.5.3.jar:/home/ganesh/.m2/repository/org/eclipse/jetty/jetty-io/9.4.1.v20170120/jetty-io-9.4.1.v20170120.jar:/home/ganesh/.m2/repository/org/eclipse/jetty/jetty-util/9.4.1.v20170120/jetty-util-9.4.1.v20170120.jar:/home/ganesh/.m2/repository/net/java/dev/jna/jna/4.1.0/jna-4.1.0.jar:/home/ganesh/.m2/repository/net/java/dev/jna/jna-platform/4.1.0/jna-platform-4.1.0.jar:/home/ganesh/.m2/repository/com/codeborne/phantomjsdriver/1.4.0/phantomjsdriver-1.4.0.jar:/home/ganesh/.m2/repository/org/seleniumhq/selenium/htmlunit-driver/2.26/htmlunit-driver-2.26.jar:/home/ganesh/.m2/repository/javax/servlet/javax.servlet-api/3.1.0/javax.servlet-api-3.1.0.jar:/home/ganesh/.m2/repository/org/eclipse/jetty/websocket/websocket-api/9.4.3.v20170317/websocket-api-9.4.3.v20170317.jar:/home/ganesh/.m2/repository/org/eclipse/jetty/websocket/websocket-client/9.4.3.v20170317/websocket-client-9.4.3.v20170317.jar:/home/ganesh/.m2/repository/org/eclipse/jetty/jetty-client/9.4.3.v20170317/jetty-client-9.4.3.v20170317.jar:/home/ganesh/.m2/repository/org/eclipse/jetty/jetty-http/9.4.3.v20170317/jetty-http-9.4.3.v20170317.jar:/home/ganesh/.m2/repository/org/eclipse/jetty/websocket/websocket-common/9.4.3.v20170317/websocket-common-9.4.3.v20170317.jar:/home/ganesh/.m2/repository/xalan/serializer/2.7.2/serializer-2.7.2.jar:/home/ganesh/.m2/repository/xalan/xalan/2.7.2/xalan-2.7.2.jar:/home/ganesh/.m2/repository/xerces/xercesImpl/2.11.0/xercesImpl-2.11.0.jar:/home/ganesh/.m2/repository/xml-apis/xml-apis/1.4.01/xml-apis-1.4.01.jar:/home/ganesh/.m2/repository/org/testng/testng/6.14.3/testng-6.14.3.jar:/home/ganesh/.m2/repository/com/beust/jcommander/1.72/jcommander-1.72.jar:/home/ganesh/.m2/repository/org/apache-extras/beanshell/bsh/2.0b6/bsh-2.0b6.jar:/home/ganesh/.m2/repository/org/apache/poi/poi/3.17/poi-3.17.jar:/home/ganesh/.m2/repository/org/apache/commons/commons-collections4/4.1/commons-collections4-4.1.jar:/home/ganesh/.m2/repository/org/apache/poi/poi-ooxml/3.17/poi-ooxml-3.17.jar:/home/ganesh/.m2/repository/org/apache/poi/poi-ooxml-schemas/3.17/poi-ooxml-schemas-3.17.jar:/home/ganesh/.m2/repository/org/apache/xmlbeans/xmlbeans/2.6.0/xmlbeans-2.6.0.jar:/home/ganesh/.m2/repository/stax/stax-api/1.0.1/stax-api-1.0.1.jar:/home/ganesh/.m2/repository/com/github/virtuald/curvesapi/1.04/curvesapi-1.04.jar:/home/ganesh/.m2/repository/com/aventstack/extentreports/3.1.2/extentreports-3.1.2.jar:/home/ganesh/.m2/repository/org/freemarker/freemarker/2.3.23/freemarker-2.3.23.jar:/home/ganesh/.m2/repository/org/mongodb/mongodb-driver/3.3.0/mongodb-driver-3.3.0.jar:/home/ganesh/.m2/repository/org/mongodb/bson/3.3.0/bson-3.3.0.jar:/home/ganesh/.m2/repository/org/mongodb/mongodb-driver-core/3.3.0/mongodb-driver-core-3.3.0.jar:/home/ganesh/.m2/repository/org/jsoup/jsoup/1.9.2/jsoup-1.9.2.jar:/home/ganesh/.m2/repository/org/apache/commons/commons-lang3/3.0/commons-lang3-3.0.jar:/home/ganesh/.m2/repository/commons-io/commons-io/1.3.2/commons-io-1.3.2.jar:/home/ganesh/.m2/repository/log4j/log4j/1.2.17/log4j-1.2.17.jar:/home/ganesh/.m2/repository/org/apache/maven/maven-plugin-api/3.6.1/maven-plugin-api-3.6.1.jar:/home/ganesh/.m2/repository/org/apache/maven/maven-model/3.6.1/maven-model-3.6.1.jar:/home/ganesh/.m2/repository/org/apache/maven/maven-artifact/3.6.1/maven-artifact-3.6.1.jar:/home/ganesh/.m2/repository/org/eclipse/sisu/org.eclipse.sisu.plexus/0.3.3/org.eclipse.sisu.plexus-0.3.3.jar:/home/ganesh/.m2/repository/javax/enterprise/cdi-api/1.0/cdi-api-1.0.jar:/home/ganesh/.m2/repository/javax/annotation/jsr250-api/1.0/jsr250-api-1.0.jar:/home/ganesh/.m2/repository/javax/inject/javax.inject/1/javax.inject-1.jar:/home/ganesh/.m2/repository/org/eclipse/sisu/org.eclipse.sisu.inject/0.3.3/org.eclipse.sisu.inject-0.3.3.jar:/home/ganesh/.m2/repository/org/codehaus/plexus/plexus-component-annotations/1.5.5/plexus-component-annotations-1.5.5.jar:/home/ganesh/.m2/repository/org/codehaus/plexus/plexus-utils/3.2.0/plexus-utils-3.2.0.jar:/home/ganesh/.m2/repository/org/codehaus/plexus/plexus-classworlds/2.6.0/plexus-classworlds-2.6.0.jar:"/>
    <property name="sun.cpu.endian" value="little"/>
    <property name="user.home" value="/home/ganesh"/>
    <property name="user.language" value="en"/>
    <property name="java.specification.vendor" value="Oracle Corporation"/>
    <property name="java.home" value="/usr/lib/jvm/java-8-oracle/jre"/>
    <property name="basedir" value="/home/ganesh/eclipse-workspace/PositiveAlly"/>
    <property name="file.separator" value="/"/>
    <property name="line.separator" value="&#10;"/>
    <property name="java.vm.specification.vendor" value="Oracle Corporation"/>
    <property name="java.specification.name" value="Java Platform API Specification"/>
    <property name="java.awt.graphicsenv" value="sun.awt.X11GraphicsEnvironment"/>
    <property name="surefire.real.class.path" value="/home/ganesh/eclipse-workspace/PositiveAlly/target/surefire/surefirebooter6227701517789133942.jar"/>
    <property name="sun.boot.class.path" value="/usr/lib/jvm/java-8-oracle/jre/lib/resources.jar:/usr/lib/jvm/java-8-oracle/jre/lib/rt.jar:/usr/lib/jvm/java-8-oracle/jre/lib/sunrsasign.jar:/usr/lib/jvm/java-8-oracle/jre/lib/jsse.jar:/usr/lib/jvm/java-8-oracle/jre/lib/jce.jar:/usr/lib/jvm/java-8-oracle/jre/lib/charsets.jar:/usr/lib/jvm/java-8-oracle/jre/lib/jfr.jar:/usr/lib/jvm/java-8-oracle/jre/classes"/>
    <property name="sun.management.compiler" value="HotSpot 64-Bit Tiered Compilers"/>
    <property name="java.runtime.version" value="1.8.0_171-b11"/>
    <property name="user.name" value="ganesh"/>
    <property name="path.separator" value=":"/>
    <property name="os.version" value="4.4.0-148-generic"/>
    <property name="java.endorsed.dirs" value="/usr/lib/jvm/java-8-oracle/jre/lib/endorsed"/>
    <property name="java.runtime.name" value="Java(TM) SE Runtime Environment"/>
    <property name="file.encoding" value="UTF-8"/>
    <property name="java.vm.name" value="Java HotSpot(TM) 64-Bit Server VM"/>
    <property name="localRepository" value="/home/ganesh/.m2/repository"/>
    <property name="java.vendor.url.bug" value="http://bugreport.sun.com/bugreport/"/>
    <property name="java.io.tmpdir" value="/tmp"/>
    <property name="java.version" value="1.8.0_171"/>
    <property name="user.dir" value="/home/ganesh/eclipse-workspace/PositiveAlly"/>
    <property name="os.arch" value="amd64"/>
    <property name="java.vm.specification.name" value="Java Virtual Machine Specification"/>
    <property name="java.awt.printerjob" value="sun.print.PSPrinterJob"/>
    <property name="sun.os.patch.level" value="unknown"/>
    <property name="java.library.path" value="/usr/java/packages/lib/amd64:/usr/lib64:/lib64:/lib:/usr/lib"/>
    <property name="java.vm.info" value="mixed mode"/>
    <property name="java.vendor" value="Oracle Corporation"/>
    <property name="java.vm.version" value="25.171-b11"/>
    <property name="java.ext.dirs" value="/usr/lib/jvm/java-8-oracle/jre/lib/ext:/usr/java/packages/lib/ext"/>
    <property name="sun.io.unicode.encoding" value="UnicodeLittle"/>
    <property name="java.class.version" value="52.0"/>
  </properties>
  <testcase name="loginTest" classname="com.positiveAlly.testCases.TC_LoginTest_001" time="6.703"/>
</testsuite>