<?xml version="1.0" encoding="UTF-8"?>
<!-- Generated by org.testng.reporters.JUnitReportReporter -->
<testsuite skipped="0" hostname="agami-ip37" name="com.positiveAlly.testCases.TC_Registration_WaitlistTest_009" tests="1" failures="0" timestamp="04 Dec 2019 10:06:16 GMT" time="28.081" errors="0">
  <testcase name="registration_Waitlist" time="28.081" classname="com.positiveAlly.testCases.TC_Registration_WaitlistTest_009"/>
</testsuite> <!-- com.positiveAlly.testCases.TC_Registration_WaitlistTest_009 -->
