<?xml version="1.0" encoding="UTF-8"?>
<!-- Generated by org.testng.reporters.JUnitReportReporter -->
<testsuite skipped="0" hostname="agami-ip37" name="com.positiveAlly.testCases.Registration_StudentWA_After_SummerTest_011" tests="1" failures="0" timestamp="09 Jun 2019 09:48:27 GMT" time="33.926" errors="0">
  <testcase name="regisstration_WA_AfterSummer" time="33.926" classname="com.positiveAlly.testCases.Registration_StudentWA_After_SummerTest_011"/>
</testsuite> <!-- com.positiveAlly.testCases.Registration_StudentWA_After_SummerTest_011 -->
