<?xml version="1.0" encoding="UTF-8"?>
<!-- Generated by org.testng.reporters.JUnitReportReporter -->
<testsuite skipped="0" hostname="agami-ip37" name="com.positiveAlly.testCases.TC_Student_Registration_005" tests="1" failures="0" timestamp="26 Nov 2019 06:56:13 GMT" time="129.318" errors="0">
  <testcase name="studentRegistration" time="129.318" classname="com.positiveAlly.testCases.TC_Student_Registration_005"/>
</testsuite> <!-- com.positiveAlly.testCases.TC_Student_Registration_005 -->
