<?xml version="1.0" encoding="UTF-8"?>
<!-- Generated by org.testng.reporters.JUnitReportReporter -->
<testsuite skipped="0" hostname="agami-ip37" name="com.positiveAlly.testCases.TC_LoginTest_001" tests="1" failures="0" timestamp="06 Feb 2020 12:27:52 GMT" time="1.255" errors="0">
  <testcase name="loginTest" time="1.255" classname="com.positiveAlly.testCases.TC_LoginTest_001"/>
</testsuite> <!-- com.positiveAlly.testCases.TC_LoginTest_001 -->
